[debug] [2024-02-03T07:00:20.762Z] ----------------------------------------------------------------------
[debug] [2024-02-03T07:00:20.764Z] Command:       C:\Program Files\nodejs\node.exe C:\Users\LENOVO\AppData\Roaming\npm\node_modules\firebase-tools\lib\bin\firebase.js init
[debug] [2024-02-03T07:00:20.765Z] CLI Version:   13.1.0
[debug] [2024-02-03T07:00:20.765Z] Platform:      win32
[debug] [2024-02-03T07:00:20.765Z] Node Version:  v20.10.0
[debug] [2024-02-03T07:00:20.765Z] Time:          Sat Feb 03 2024 12:30:20 GMT+0530 (India Standard Time)
[debug] [2024-02-03T07:00:20.765Z] ----------------------------------------------------------------------
[debug] 
[debug] [2024-02-03T07:00:20.773Z] > command requires scopes: ["email","openid","https://www.googleapis.com/auth/cloudplatformprojects.readonly","https://www.googleapis.com/auth/firebase","https://www.googleapis.com/auth/cloud-platform"]
[debug] [2024-02-03T07:00:20.773Z] > authorizing via signed-in user (shreeti.mohapatra1@gmail.com)
[info] 
     ######## #### ########  ######## ########     ###     ######  ########
     ##        ##  ##     ## ##       ##     ##  ##   ##  ##       ##
     ######    ##  ########  ######   ########  #########  ######  ######
     ##        ##  ##    ##  ##       ##     ## ##     ##       ## ##
     ##       #### ##     ## ######## ########  ##     ##  ######  ########

You're about to initialize a Firebase project in this directory:

  E:\Data\engineering\career\web dev\intorobotics

[info] 
=== Project Setup
[info] 
[info] First, let's associate this project directory with a Firebase project.
[info] You can create multiple project aliases by running firebase use --add, 
[info] but for now we'll just set up a default project.
[info] 
[debug] [2024-02-03T07:00:33.756Z] > refreshing access token with scopes: []
[debug] [2024-02-03T07:00:33.758Z] >>> [apiv2][query] POST https://www.googleapis.com/oauth2/v3/token [none]
[debug] [2024-02-03T07:00:33.758Z] >>> [apiv2][body] POST https://www.googleapis.com/oauth2/v3/token [omitted]
[debug] [2024-02-03T07:00:34.405Z] <<< [apiv2][status] POST https://www.googleapis.com/oauth2/v3/token 200
[debug] [2024-02-03T07:00:34.405Z] <<< [apiv2][body] POST https://www.googleapis.com/oauth2/v3/token [omitted]
[debug] [2024-02-03T07:00:34.413Z] >>> [apiv2][query] GET https://firebase.googleapis.com/v1beta1/projects pageSize=100
[debug] [2024-02-03T07:00:35.774Z] <<< [apiv2][status] GET https://firebase.googleapis.com/v1beta1/projects 200
[debug] [2024-02-03T07:00:35.774Z] <<< [apiv2][body] GET https://firebase.googleapis.com/v1beta1/projects [omitted]
[info] i  Using project intobiotics-383be (intobiotics) 
[info] 
=== Database Setup
[info] i  database: ensuring required API firebasedatabase.googleapis.com is enabled... 
[debug] [2024-02-03T07:00:36.828Z] >>> [apiv2][query] GET https://serviceusage.googleapis.com/v1/projects/intobiotics-383be/services/firebasedatabase.googleapis.com [none]
[debug] [2024-02-03T07:00:36.828Z] >>> [apiv2][(partial)header] GET https://serviceusage.googleapis.com/v1/projects/intobiotics-383be/services/firebasedatabase.googleapis.com x-goog-quota-user=projects/intobiotics-383be
[debug] [2024-02-03T07:00:39.211Z] <<< [apiv2][status] GET https://serviceusage.googleapis.com/v1/projects/intobiotics-383be/services/firebasedatabase.googleapis.com 200
[debug] [2024-02-03T07:00:39.211Z] <<< [apiv2][body] GET https://serviceusage.googleapis.com/v1/projects/intobiotics-383be/services/firebasedatabase.googleapis.com [omitted]
[info] +  database: required API firebasedatabase.googleapis.com is enabled 
[info] 
[debug] [2024-02-03T07:00:39.212Z] >>> [apiv2][query] GET https://firebasedatabase.googleapis.com/v1beta/projects/intobiotics-383be/locations/-/instances/intobiotics-383be-default-rtdb [none]
[debug] [2024-02-03T07:00:41.642Z] <<< [apiv2][status] GET https://firebasedatabase.googleapis.com/v1beta/projects/intobiotics-383be/locations/-/instances/intobiotics-383be-default-rtdb 200
[debug] [2024-02-03T07:00:41.642Z] <<< [apiv2][body] GET https://firebasedatabase.googleapis.com/v1beta/projects/intobiotics-383be/locations/-/instances/intobiotics-383be-default-rtdb {"name":"projects/359622857192/locations/asia-southeast1/instances/intobiotics-383be-default-rtdb","project":"projects/359622857192","databaseUrl":"https://intobiotics-383be-default-rtdb.asia-southeast1.firebasedatabase.app","type":"DEFAULT_DATABASE","state":"ACTIVE"}
[info] 
[info] Firebase Realtime Database Security Rules allow you to define how your data should be
[info] structured and when your data can be read from and written to.
[info] 
[debug] [2024-02-03T07:00:51.408Z] >>> [apiv2][query] GET https://intobiotics-383be-default-rtdb.asia-southeast1.firebasedatabase.app/.settings/rules.json [none]
[debug] [2024-02-03T07:00:52.093Z] <<< [apiv2][status] GET https://intobiotics-383be-default-rtdb.asia-southeast1.firebasedatabase.app/.settings/rules.json 200
[debug] [2024-02-03T07:00:52.093Z] <<< [apiv2][body] GET https://intobiotics-383be-default-rtdb.asia-southeast1.firebasedatabase.app/.settings/rules.json [stream]
[info] +  Database Rules for intobiotics-383be-default-rtdb have been written to database.rules.json. 
[info] Future modifications to database.rules.json will update Realtime Database Security Rules when you run
[info] firebase deploy.
[info] 
=== Firestore Setup
[debug] [2024-02-03T07:00:52.099Z] >>> [apiv2][query] GET https://serviceusage.googleapis.com/v1/projects/intobiotics-383be/services/firestore.googleapis.com [none]
[debug] [2024-02-03T07:00:52.099Z] >>> [apiv2][(partial)header] GET https://serviceusage.googleapis.com/v1/projects/intobiotics-383be/services/firestore.googleapis.com x-goog-quota-user=projects/intobiotics-383be
[debug] [2024-02-03T07:00:54.333Z] <<< [apiv2][status] GET https://serviceusage.googleapis.com/v1/projects/intobiotics-383be/services/firestore.googleapis.com 200
[debug] [2024-02-03T07:00:54.333Z] <<< [apiv2][body] GET https://serviceusage.googleapis.com/v1/projects/intobiotics-383be/services/firestore.googleapis.com [omitted]
[debug] [2024-02-03T07:00:54.334Z] >>> [apiv2][query] GET https://firestore.googleapis.com/v1/projects/intobiotics-383be/databases/(default) [none]
[debug] [2024-02-03T07:00:55.461Z] <<< [apiv2][status] GET https://firestore.googleapis.com/v1/projects/intobiotics-383be/databases/(default) 200
[debug] [2024-02-03T07:00:55.461Z] <<< [apiv2][body] GET https://firestore.googleapis.com/v1/projects/intobiotics-383be/databases/(default) {"name":"projects/intobiotics-383be/databases/(default)","uid":"ea9c6740-26d2-468b-81e3-c431b574a4f2","createTime":"2024-02-03T06:27:40.241294Z","updateTime":"2024-02-03T06:27:40.241294Z","locationId":"asia-southeast1","type":"FIRESTORE_NATIVE","concurrencyMode":"PESSIMISTIC","versionRetentionPeriod":"3600s","earliestVersionTime":"2024-02-03T06:27:40.241294Z","appEngineIntegrationMode":"DISABLED","keyPrefix":"zas","pointInTimeRecoveryEnablement":"POINT_IN_TIME_RECOVERY_DISABLED","deleteProtectionState":"DELETE_PROTECTION_DISABLED","etag":"IMLh7tHMjoQDMI6Gp/jFjoQD"}
[debug] [2024-02-03T07:00:55.461Z] database_type: FIRESTORE_NATIVE
[debug] [2024-02-03T07:00:55.461Z] > command requires scopes: ["email","openid","https://www.googleapis.com/auth/cloudplatformprojects.readonly","https://www.googleapis.com/auth/firebase","https://www.googleapis.com/auth/cloud-platform"]
[debug] [2024-02-03T07:00:55.461Z] > authorizing via signed-in user (shreeti.mohapatra1@gmail.com)
[debug] [2024-02-03T07:00:55.461Z] [iam] checking project intobiotics-383be for permissions ["firebase.projects.get"]
[debug] [2024-02-03T07:00:55.462Z] >>> [apiv2][query] POST https://cloudresourcemanager.googleapis.com/v1/projects/intobiotics-383be:testIamPermissions [none]
[debug] [2024-02-03T07:00:55.462Z] >>> [apiv2][(partial)header] POST https://cloudresourcemanager.googleapis.com/v1/projects/intobiotics-383be:testIamPermissions x-goog-quota-user=projects/intobiotics-383be
[debug] [2024-02-03T07:00:55.462Z] >>> [apiv2][body] POST https://cloudresourcemanager.googleapis.com/v1/projects/intobiotics-383be:testIamPermissions {"permissions":["firebase.projects.get"]}
[debug] [2024-02-03T07:00:57.562Z] <<< [apiv2][status] POST https://cloudresourcemanager.googleapis.com/v1/projects/intobiotics-383be:testIamPermissions 200
[debug] [2024-02-03T07:00:57.562Z] <<< [apiv2][body] POST https://cloudresourcemanager.googleapis.com/v1/projects/intobiotics-383be:testIamPermissions {"permissions":["firebase.projects.get"]}
[info] 
[info] Firestore Security Rules allow you to define how and when to allow
[info] requests. You can keep these rules in your project directory
[info] and publish them with firebase deploy.
[info] 
[debug] [2024-02-03T07:01:03.269Z] >>> [apiv2][query] GET https://firebaserules.googleapis.com/v1/projects/intobiotics-383be/releases pageSize=10&pageToken=
[debug] [2024-02-03T07:01:05.533Z] <<< [apiv2][status] GET https://firebaserules.googleapis.com/v1/projects/intobiotics-383be/releases 200
[debug] [2024-02-03T07:01:05.533Z] <<< [apiv2][body] GET https://firebaserules.googleapis.com/v1/projects/intobiotics-383be/releases {"releases":[{"name":"projects/intobiotics-383be/releases/cloud.firestore","rulesetName":"projects/intobiotics-383be/rulesets/48107975-0b93-4533-88ae-917808379ebe","createTime":"2024-02-03T06:27:48.227266Z","updateTime":"2024-02-03T06:27:48.227266Z"}]}
[debug] [2024-02-03T07:01:05.533Z] Found ruleset: projects/intobiotics-383be/rulesets/48107975-0b93-4533-88ae-917808379ebe
[debug] [2024-02-03T07:01:05.534Z] >>> [apiv2][query] GET https://firebaserules.googleapis.com/v1/projects/intobiotics-383be/rulesets/48107975-0b93-4533-88ae-917808379ebe [none]
[debug] [2024-02-03T07:01:07.135Z] <<< [apiv2][status] GET https://firebaserules.googleapis.com/v1/projects/intobiotics-383be/rulesets/48107975-0b93-4533-88ae-917808379ebe 200
[debug] [2024-02-03T07:01:07.135Z] <<< [apiv2][body] GET https://firebaserules.googleapis.com/v1/projects/intobiotics-383be/rulesets/48107975-0b93-4533-88ae-917808379ebe [omitted]
[info] 
[info] Firestore indexes allow you to perform complex queries while
[info] maintaining performance that scales with the size of the result
[info] set. You can keep index definitions in your project directory
[info] and publish them with firebase deploy.
[info] 
[debug] [2024-02-03T07:01:18.861Z] >>> [apiv2][query] GET https://firestore.googleapis.com/v1/projects/intobiotics-383be/databases/(default)/collectionGroups/-/indexes [none]
[debug] [2024-02-03T07:01:18.863Z] >>> [apiv2][query] GET https://firestore.googleapis.com/v1/projects/intobiotics-383be/databases/(default)/collectionGroups/-/fields?filter=indexConfig.usesAncestorConfig=false OR ttlConfig:* [none]
[debug] [2024-02-03T07:01:19.935Z] <<< [apiv2][status] GET https://firestore.googleapis.com/v1/projects/intobiotics-383be/databases/(default)/collectionGroups/-/indexes 200
[debug] [2024-02-03T07:01:19.935Z] <<< [apiv2][body] GET https://firestore.googleapis.com/v1/projects/intobiotics-383be/databases/(default)/collectionGroups/-/indexes {}
[debug] [2024-02-03T07:01:19.936Z] <<< [apiv2][status] GET https://firestore.googleapis.com/v1/projects/intobiotics-383be/databases/(default)/collectionGroups/-/fields?filter=indexConfig.usesAncestorConfig=false OR ttlConfig:* 200
[debug] [2024-02-03T07:01:19.936Z] <<< [apiv2][body] GET https://firestore.googleapis.com/v1/projects/intobiotics-383be/databases/(default)/collectionGroups/-/fields?filter=indexConfig.usesAncestorConfig=false OR ttlConfig:* {"fields":[{"name":"projects/intobiotics-383be/databases/(default)/collectionGroups/__default__/fields/*","indexConfig":{"indexes":[{"queryScope":"COLLECTION","fields":[{"fieldPath":"*","order":"ASCENDING"}],"state":"READY"},{"queryScope":"COLLECTION","fields":[{"fieldPath":"*","order":"DESCENDING"}],"state":"READY"},{"queryScope":"COLLECTION","fields":[{"fieldPath":"*","arrayConfig":"CONTAINS"}],"state":"READY"}]}}]}
[info] 
=== Functions Setup
[debug] [2024-02-03T07:01:19.939Z] > command requires scopes: ["email","openid","https://www.googleapis.com/auth/cloudplatformprojects.readonly","https://www.googleapis.com/auth/firebase","https://www.googleapis.com/auth/cloud-platform"]
[debug] [2024-02-03T07:01:19.939Z] > authorizing via signed-in user (shreeti.mohapatra1@gmail.com)
[debug] [2024-02-03T07:01:19.939Z] [iam] checking project intobiotics-383be for permissions ["firebase.projects.get"]
[debug] [2024-02-03T07:01:19.939Z] >>> [apiv2][query] POST https://cloudresourcemanager.googleapis.com/v1/projects/intobiotics-383be:testIamPermissions [none]
[debug] [2024-02-03T07:01:19.939Z] >>> [apiv2][(partial)header] POST https://cloudresourcemanager.googleapis.com/v1/projects/intobiotics-383be:testIamPermissions x-goog-quota-user=projects/intobiotics-383be
[debug] [2024-02-03T07:01:19.939Z] >>> [apiv2][body] POST https://cloudresourcemanager.googleapis.com/v1/projects/intobiotics-383be:testIamPermissions {"permissions":["firebase.projects.get"]}
[debug] [2024-02-03T07:01:21.855Z] <<< [apiv2][status] POST https://cloudresourcemanager.googleapis.com/v1/projects/intobiotics-383be:testIamPermissions 200
[debug] [2024-02-03T07:01:21.856Z] <<< [apiv2][body] POST https://cloudresourcemanager.googleapis.com/v1/projects/intobiotics-383be:testIamPermissions {"permissions":["firebase.projects.get"]}
[debug] [2024-02-03T07:01:21.856Z] >>> [apiv2][query] GET https://serviceusage.googleapis.com/v1/projects/intobiotics-383be/services/cloudfunctions.googleapis.com [none]
[debug] [2024-02-03T07:01:21.856Z] >>> [apiv2][(partial)header] GET https://serviceusage.googleapis.com/v1/projects/intobiotics-383be/services/cloudfunctions.googleapis.com x-goog-quota-user=projects/intobiotics-383be
[debug] [2024-02-03T07:01:21.859Z] >>> [apiv2][query] GET https://serviceusage.googleapis.com/v1/projects/intobiotics-383be/services/runtimeconfig.googleapis.com [none]
[debug] [2024-02-03T07:01:21.859Z] >>> [apiv2][(partial)header] GET https://serviceusage.googleapis.com/v1/projects/intobiotics-383be/services/runtimeconfig.googleapis.com x-goog-quota-user=projects/intobiotics-383be
[debug] [2024-02-03T07:01:22.816Z] <<< [apiv2][status] GET https://serviceusage.googleapis.com/v1/projects/intobiotics-383be/services/runtimeconfig.googleapis.com 200
[debug] [2024-02-03T07:01:22.816Z] <<< [apiv2][body] GET https://serviceusage.googleapis.com/v1/projects/intobiotics-383be/services/runtimeconfig.googleapis.com [omitted]
[debug] [2024-02-03T07:01:23.959Z] <<< [apiv2][status] GET https://serviceusage.googleapis.com/v1/projects/intobiotics-383be/services/cloudfunctions.googleapis.com 200
[debug] [2024-02-03T07:01:23.959Z] <<< [apiv2][body] GET https://serviceusage.googleapis.com/v1/projects/intobiotics-383be/services/cloudfunctions.googleapis.com [omitted]
[info] Let's create a new codebase for your functions.
[info] A directory corresponding to the codebase will be created in your project
[info] with sample code pre-configured.

[info] See https://firebase.google.com/docs/functions/organize-functions for
[info] more information on organizing your functions using codebases.

[info] Functions can be deployed with firebase deploy.

[info] +  Wrote functions/package.json 
[info] +  Wrote functions/.eslintrc.js 
[info] +  Wrote functions/index.js 
[info] +  Wrote functions/.gitignore 
[info] 
=== Hosting Setup
[debug] [2024-02-03T07:02:14.045Z] >>> [apiv2][query] GET https://firebase.googleapis.com/v1beta1/projects/intobiotics-383be [none]
[debug] [2024-02-03T07:02:15.210Z] <<< [apiv2][status] GET https://firebase.googleapis.com/v1beta1/projects/intobiotics-383be 200
[debug] [2024-02-03T07:02:15.210Z] <<< [apiv2][body] GET https://firebase.googleapis.com/v1beta1/projects/intobiotics-383be {"projectId":"intobiotics-383be","projectNumber":"359622857192","displayName":"intobiotics","name":"projects/intobiotics-383be","resources":{"hostingSite":"intobiotics-383be","realtimeDatabaseInstance":"intobiotics-383be-default-rtdb"},"state":"ACTIVE","etag":"1_59ef451a-4f1a-4fe8-a6cc-971515fcf817"}
[info] 
[info] Your public directory is the folder (relative to your project directory) that
[info] will contain Hosting assets to be uploaded with firebase deploy. If you
[info] have a build process for your assets, use your build's output directory.
[info] 
[debug] [2024-02-03T07:02:48.103Z] >>> [apiv2][query] GET https://www.gstatic.com/firebasejs/releases.json [none]
[debug] [2024-02-03T07:02:48.541Z] <<< [apiv2][status] GET https://www.gstatic.com/firebasejs/releases.json 200
[debug] [2024-02-03T07:02:48.542Z] <<< [apiv2][body] GET https://www.gstatic.com/firebasejs/releases.json {"current":{"version":"10.8.0","browserURL":"https://www.gstatic.com/firebasejs/10.8.0/firebase.js","packageURL":"https://www.gstatic.com/firebasejs/10.8.0/firebase.tgz"},"live":{"version":"10.8","browserURL":"https://www.gstatic.com/firebasejs/live/10.8/firebase.js","packageURL":"https://www.gstatic.com/firebasejs/live/10.8/firebase.tgz"},"components":{"analytics":"https://www.gstatic.com/firebasejs/10.8.0/firebase-analytics.js","app":"https://www.gstatic.com/firebasejs/10.8.0/firebase-app.js","app-check":"https://www.gstatic.com/firebasejs/10.8.0/firebase-app-check.js","auth":"https://www.gstatic.com/firebasejs/10.8.0/firebase-auth.js","auth/cordova":"https://www.gstatic.com/firebasejs/10.8.0/firebase-auth/cordova.js","auth/web-extension":"https://www.gstatic.com/firebasejs/10.8.0/firebase-auth/web-extension.js","functions":"https://www.gstatic.com/firebasejs/10.8.0/firebase-functions.js","firestore":"https://www.gstatic.com/firebasejs/10.8.0/firebase-firestore.js","firestore/lite":"https://www.gstatic.com/firebasejs/10.8.0/firebase-firestore/lite.js","installations":"https://www.gstatic.com/firebasejs/10.8.0/firebase-installations.js","storage":"https://www.gstatic.com/firebasejs/10.8.0/firebase-storage.js","performance":"https://www.gstatic.com/firebasejs/10.8.0/firebase-performance.js","remote-config":"https://www.gstatic.com/firebasejs/10.8.0/firebase-remote-config.js","messaging":"https://www.gstatic.com/firebasejs/10.8.0/firebase-messaging.js","messaging/sw":"https://www.gstatic.com/firebasejs/10.8.0/firebase-messaging/sw.js","database":"https://www.gstatic.com/firebasejs/10.8.0/firebase-database.js","firestore.memory":"https://www.gstatic.com/firebasejs/10.8.0/firebase-firestore.memory.js"}}
[info] +  Wrote public/index.html 
[info] 
[info] i  Didn't detect a .git folder. Assuming E:\Data\engineering\career\web dev\intorobotics is the project root. 
[info] i  Authorizing with GitHub to upload your service account to a GitHub repository's secrets store. 
[info] 
[info] Visit this URL on this device to log in:
[info] https://github.com/login/oauth/authorize?client_id=89cf50f02ac6aaed3484&state=623293152&redirect_uri=http%3A%2F%2Flocalhost%3A9005&scope=read%3Auser%20repo%20public_repo
[info] 
[info] Waiting for authentication...
[debug] [2024-02-03T07:02:49.811Z] >>> [apiv2][query] POST https://github.com/login/oauth/access_token [none]
[debug] [2024-02-03T07:02:49.812Z] >>> [apiv2][body] POST https://github.com/login/oauth/access_token [stream]
[debug] [2024-02-03T07:02:50.490Z] <<< [apiv2][status] POST https://github.com/login/oauth/access_token 200
[debug] [2024-02-03T07:02:50.490Z] <<< [apiv2][body] POST https://github.com/login/oauth/access_token {"access_token":"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","token_type":"bearer","scope":"read:user,repo"}
[debug] [2024-02-03T07:02:50.501Z] >>> [apiv2][query] GET https://api.github.com/user [none]
[debug] [2024-02-03T07:02:51.115Z] <<< [apiv2][status] GET https://api.github.com/user 200
[debug] [2024-02-03T07:02:51.115Z] <<< [apiv2][body] GET https://api.github.com/user {"login":"shivah12","id":114981873,"node_id":"U_kgDOBtp78Q","avatar_url":"https://avatars.githubusercontent.com/u/114981873?v=4","gravatar_id":"","url":"https://api.github.com/users/shivah12","html_url":"https://github.com/shivah12","followers_url":"https://api.github.com/users/shivah12/followers","following_url":"https://api.github.com/users/shivah12/following{/other_user}","gists_url":"https://api.github.com/users/shivah12/gists{/gist_id}","starred_url":"https://api.github.com/users/shivah12/starred{/owner}{/repo}","subscriptions_url":"https://api.github.com/users/shivah12/subscriptions","organizations_url":"https://api.github.com/users/shivah12/orgs","repos_url":"https://api.github.com/users/shivah12/repos","events_url":"https://api.github.com/users/shivah12/events{/privacy}","received_events_url":"https://api.github.com/users/shivah12/received_events","type":"User","site_admin":false,"name":"Shreeti","company":null,"blog":"shivah12.github.io/Portfolio/","location":"VSSUT, Burla","email":null,"hireable":null,"bio":"Front-End Developer | UI/UX Designer |\r\nIT Undergrad","twitter_username":null,"public_repos":25,"public_gists":0,"followers":4,"following":16,"created_at":"2022-10-04T07:18:36Z","updated_at":"2024-02-01T13:34:42Z","private_gists":0,"total_private_repos":0,"owned_private_repos":0,"disk_usage":94117,"collaborators":0,"two_factor_authentication":false,"plan":{"name":"free","space":976562499,"collaborators":0,"private_repos":10000}}
[info] 
[info] +  Success! Logged into GitHub as shivah12 
[info] 
[debug] [2024-02-03T07:03:10.044Z] >>> [apiv2][query] GET https://api.github.com/repos/n/actions/secrets/public-key type=owner
[debug] [2024-02-03T07:03:10.761Z] <<< [apiv2][status] GET https://api.github.com/repos/n/actions/secrets/public-key 404
[debug] [2024-02-03T07:03:10.761Z] <<< [apiv2][body] GET https://api.github.com/repos/n/actions/secrets/public-key {"message":"Not Found","documentation_url":"https://docs.github.com/rest"}
[info] 
[info] 
[error] !  The provided authorization cannot be used with this repository. If this repository is in an organization, did you remember to grant access? 
[info] 
[info] i  Action required: Visit this URL to ensure access has been granted to the appropriate organization(s) for the Firebase CLI GitHub OAuth App: 
[info] https://github.com/settings/connections/applications/89cf50f02ac6aaed3484
[info] 
[debug] [2024-02-03T07:03:12.119Z] >>> [apiv2][query] GET https://api.github.com/repos/n/actions/secrets/public-key type=owner
[debug] [2024-02-03T07:03:12.436Z] <<< [apiv2][status] GET https://api.github.com/repos/n/actions/secrets/public-key 404
[debug] [2024-02-03T07:03:12.437Z] <<< [apiv2][body] GET https://api.github.com/repos/n/actions/secrets/public-key {"message":"Not Found","documentation_url":"https://docs.github.com/rest"}
[info] 
[info] 
[error] !  The provided authorization cannot be used with this repository. If this repository is in an organization, did you remember to grant access? 
[info] 
[info] i  Action required: Visit this URL to ensure access has been granted to the appropriate organization(s) for the Firebase CLI GitHub OAuth App: 
[info] https://github.com/settings/connections/applications/89cf50f02ac6aaed3484
[info] 
[debug] [2024-02-03T07:03:15.543Z] >>> [apiv2][query] GET https://api.github.com/repos/n/actions/secrets/public-key type=owner
[debug] [2024-02-03T07:03:15.844Z] >>> [apiv2][query] GET https://api.github.com/repos//actions/secrets/public-key type=owner
[debug] [2024-02-03T07:03:15.899Z] <<< [apiv2][status] GET https://api.github.com/repos/n/actions/secrets/public-key 404
[debug] [2024-02-03T07:03:15.899Z] <<< [apiv2][body] GET https://api.github.com/repos/n/actions/secrets/public-key {"message":"Not Found","documentation_url":"https://docs.github.com/rest"}
[info] 
[info] 
[error] !  The provided authorization cannot be used with this repository. If this repository is in an organization, did you remember to grant access? 
[info] 
[info] i  Action required: Visit this URL to ensure access has been granted to the appropriate organization(s) for the Firebase CLI GitHub OAuth App: 
[info] https://github.com/settings/connections/applications/89cf50f02ac6aaed3484
[info] 
[debug] [2024-02-03T07:03:16.391Z] <<< [apiv2][status] GET https://api.github.com/repos//actions/secrets/public-key 404
[debug] [2024-02-03T07:03:16.391Z] <<< [apiv2][body] GET https://api.github.com/repos//actions/secrets/public-key {"message":"Not Found","documentation_url":"https://docs.github.com/rest"}
[info] 
[info] 
[error] !  The provided authorization cannot be used with this repository. If this repository is in an organization, did you remember to grant access? 
[info] 
[info] i  Action required: Visit this URL to ensure access has been granted to the appropriate organization(s) for the Firebase CLI GitHub OAuth App: 
[info] https://github.com/settings/connections/applications/89cf50f02ac6aaed3484
[info] 
